Performing C SOURCE FILE Test CMAKE_HAVE_LIBC_PTHREAD failed with the following output:
Change Dir: /home/vctr/Рабочий стол/OpSys/lab13/cmake-build-debug/CMakeFiles/CMakeTmp

Run Build Command(s):/usr/bin/make cmTC_a2f9d/fast && /usr/bin/make -f CMakeFiles/cmTC_a2f9d.dir/build.make CMakeFiles/cmTC_a2f9d.dir/build
make[1]: Entering directory '/home/vctr/Рабочий стол/OpSys/lab13/cmake-build-debug/CMakeFiles/CMakeTmp'
Building C object CMakeFiles/cmTC_a2f9d.dir/src.c.o
/usr/bin/cc   -DCMAKE_HAVE_LIBC_PTHREAD   -o CMakeFiles/cmTC_a2f9d.dir/src.c.o   -c "/home/vctr/Рабочий стол/OpSys/lab13/cmake-build-debug/CMakeFiles/CMakeTmp/src.c"
Linking C executable cmTC_a2f9d
/home/vctr/.local/share/JetBrains/Toolbox/apps/CLion/ch-0/193.6494.38/bin/cmake/linux/bin/cmake -E cmake_link_script CMakeFiles/cmTC_a2f9d.dir/link.txt --verbose=1
/usr/bin/cc  -DCMAKE_HAVE_LIBC_PTHREAD    -rdynamic CMakeFiles/cmTC_a2f9d.dir/src.c.o  -o cmTC_a2f9d 
/usr/bin/ld: CMakeFiles/cmTC_a2f9d.dir/src.c.o: in function `main':
src.c:(.text+0x46): undefined reference to `pthread_create'
/usr/bin/ld: src.c:(.text+0x52): undefined reference to `pthread_detach'
/usr/bin/ld: src.c:(.text+0x63): undefined reference to `pthread_join'
collect2: error: ld returned 1 exit status
make[1]: *** [CMakeFiles/cmTC_a2f9d.dir/build.make:87: cmTC_a2f9d] Error 1
make[1]: Leaving directory '/home/vctr/Рабочий стол/OpSys/lab13/cmake-build-debug/CMakeFiles/CMakeTmp'
make: *** [Makefile:121: cmTC_a2f9d/fast] Error 2


Source file was:
#include <pthread.h>

void* test_func(void* data)
{
  return data;
}

int main(void)
{
  pthread_t thread;
  pthread_create(&thread, NULL, test_func, NULL);
  pthread_detach(thread);
  pthread_join(thread, NULL);
  pthread_atfork(NULL, NULL, NULL);
  pthread_exit(NULL);

  return 0;
}

Determining if the function pthread_create exists in the pthreads failed with the following output:
Change Dir: /home/vctr/Рабочий стол/OpSys/lab13/cmake-build-debug/CMakeFiles/CMakeTmp

Run Build Command(s):/usr/bin/make cmTC_6b0fc/fast && /usr/bin/make -f CMakeFiles/cmTC_6b0fc.dir/build.make CMakeFiles/cmTC_6b0fc.dir/build
make[1]: Entering directory '/home/vctr/Рабочий стол/OpSys/lab13/cmake-build-debug/CMakeFiles/CMakeTmp'
Building C object CMakeFiles/cmTC_6b0fc.dir/CheckFunctionExists.c.o
/usr/bin/cc   -DCHECK_FUNCTION_EXISTS=pthread_create   -o CMakeFiles/cmTC_6b0fc.dir/CheckFunctionExists.c.o   -c /home/vctr/.local/share/JetBrains/Toolbox/apps/CLion/ch-0/193.6494.38/bin/cmake/linux/share/cmake-3.15/Modules/CheckFunctionExists.c
Linking C executable cmTC_6b0fc
/home/vctr/.local/share/JetBrains/Toolbox/apps/CLion/ch-0/193.6494.38/bin/cmake/linux/bin/cmake -E cmake_link_script CMakeFiles/cmTC_6b0fc.dir/link.txt --verbose=1
/usr/bin/cc  -DCHECK_FUNCTION_EXISTS=pthread_create    -rdynamic CMakeFiles/cmTC_6b0fc.dir/CheckFunctionExists.c.o  -o cmTC_6b0fc -lpthreads 
/usr/bin/ld: cannot find -lpthreads
collect2: error: ld returned 1 exit status
make[1]: *** [CMakeFiles/cmTC_6b0fc.dir/build.make:87: cmTC_6b0fc] Error 1
make[1]: Leaving directory '/home/vctr/Рабочий стол/OpSys/lab13/cmake-build-debug/CMakeFiles/CMakeTmp'
make: *** [Makefile:121: cmTC_6b0fc/fast] Error 2



